2025-08-18 15:25:19 [INFO]: 新しいデータベース接続が作成されました {
  "service": "curriculum-portal-backend",
  "threadId": 563
}
2025-08-18 15:25:19 [DEBUG]: 接続がプールから取得されました {
  "service": "curriculum-portal-backend",
  "threadId": 563
}
2025-08-18 15:25:19 [INFO]: データベース接続テスト成功 {
  "service": "curriculum-portal-backend",
  "threadId": 563,
  "duration": "161ms",
  "poolSize": 10,
  "activeConnections": 0,
  "idleConnections": 0
}
2025-08-18 15:25:19 [DEBUG]: 接続がプールに返されました {
  "service": "curriculum-portal-backend",
  "threadId": 563
}
2025-08-18 15:25:19 [INFO]: Memory monitoring started {
  "service": "curriculum-portal-backend",
  "interval": "60000ms"
}
2025-08-18 15:25:37 [INFO]: 新しいデータベース接続が作成されました {
  "service": "curriculum-portal-backend",
  "threadId": 565
}
2025-08-18 15:25:37 [DEBUG]: 接続がプールから取得されました {
  "service": "curriculum-portal-backend",
  "threadId": 565
}
2025-08-18 15:25:37 [INFO]: データベース接続テスト成功 {
  "service": "curriculum-portal-backend",
  "threadId": 565,
  "duration": "152ms",
  "poolSize": 10,
  "activeConnections": 0,
  "idleConnections": 0
}
2025-08-18 15:25:37 [DEBUG]: 接続がプールに返されました {
  "service": "curriculum-portal-backend",
  "threadId": 565
}
2025-08-18 15:25:37 [INFO]: Memory monitoring started {
  "service": "curriculum-portal-backend",
  "interval": "60000ms"
}
2025-08-18 15:25:49 [INFO]: 新しいデータベース接続が作成されました {
  "service": "curriculum-portal-backend",
  "threadId": 566
}
2025-08-18 15:25:49 [DEBUG]: 接続がプールから取得されました {
  "service": "curriculum-portal-backend",
  "threadId": 566
}
2025-08-18 15:25:49 [INFO]: データベース接続テスト成功 {
  "service": "curriculum-portal-backend",
  "threadId": 566,
  "duration": "149ms",
  "poolSize": 10,
  "activeConnections": 0,
  "idleConnections": 0
}
2025-08-18 15:25:49 [DEBUG]: 接続がプールに返されました {
  "service": "curriculum-portal-backend",
  "threadId": 566
}
2025-08-18 15:25:49 [INFO]: Memory monitoring started {
  "service": "curriculum-portal-backend",
  "interval": "60000ms"
}
2025-08-18 15:26:03 [INFO]: 新しいデータベース接続が作成されました {
  "service": "curriculum-portal-backend",
  "threadId": 568
}
2025-08-18 15:26:03 [DEBUG]: 接続がプールから取得されました {
  "service": "curriculum-portal-backend",
  "threadId": 568
}
2025-08-18 15:26:03 [INFO]: データベース接続テスト成功 {
  "service": "curriculum-portal-backend",
  "threadId": 568,
  "duration": "154ms",
  "poolSize": 10,
  "activeConnections": 0,
  "idleConnections": 0
}
2025-08-18 15:26:03 [DEBUG]: 接続がプールに返されました {
  "service": "curriculum-portal-backend",
  "threadId": 568
}
2025-08-18 15:26:03 [INFO]: Memory monitoring started {
  "service": "curriculum-portal-backend",
  "interval": "60000ms"
}
2025-08-18 15:26:20 [INFO]: 新しいデータベース接続が作成されました {
  "service": "curriculum-portal-backend",
  "threadId": 570
}
2025-08-18 15:26:20 [DEBUG]: 接続がプールから取得されました {
  "service": "curriculum-portal-backend",
  "threadId": 570
}
2025-08-18 15:26:20 [INFO]: データベース接続テスト成功 {
  "service": "curriculum-portal-backend",
  "threadId": 570,
  "duration": "263ms",
  "poolSize": 10,
  "activeConnections": 0,
  "idleConnections": 0
}
2025-08-18 15:26:20 [DEBUG]: 接続がプールに返されました {
  "service": "curriculum-portal-backend",
  "threadId": 570
}
2025-08-18 15:26:20 [INFO]: Memory monitoring started {
  "service": "curriculum-portal-backend",
  "interval": "60000ms"
}
2025-08-18 15:26:28 [INFO]: 新しいデータベース接続が作成されました {
  "service": "curriculum-portal-backend",
  "threadId": 571
}
2025-08-18 15:26:28 [DEBUG]: 接続がプールから取得されました {
  "service": "curriculum-portal-backend",
  "threadId": 571
}
2025-08-18 15:26:28 [INFO]: データベース接続テスト成功 {
  "service": "curriculum-portal-backend",
  "threadId": 571,
  "duration": "169ms",
  "poolSize": 10,
  "activeConnections": 0,
  "idleConnections": 0
}
2025-08-18 15:26:28 [DEBUG]: 接続がプールに返されました {
  "service": "curriculum-portal-backend",
  "threadId": 571
}
2025-08-18 15:26:28 [INFO]: Memory monitoring started {
  "service": "curriculum-portal-backend",
  "interval": "60000ms"
}
2025-08-18 15:26:35 [INFO]: Incoming Request {
  "service": "curriculum-portal-backend",
  "method": "GET",
  "url": "/api/user-info?_t=1755498317260",
  "ip": "172.18.0.1",
  "userAgent": "Mozilla/5.0 (Windows NT 10.0; Win64; x64) AppleWebKit/537.36 (KHTML, like Gecko) Chrome/139.0.0.0 Safari/537.36",
  "headers": {
    "host": "localhost:5000",
    "connection": "keep-alive",
    "sec-ch-ua-platform": "\"Windows\"",
    "authorization": "Bearer eyJhbGciOiJIUzI1NiIsInR5cCI6IkpXVCJ9.eyJ1c2VyX2lkIjo2LCJ1c2VybmFtZSI6Iuebm-WGheOAgOeolOWPsiIsInJvbGUiOjQsImNvbXBhbnlfaWQiOjIsImlhdCI6MTc1NTQ5NzI0NiwiZXhwIjoxNzU1NTAwODQ2fQ.5H8CaALtUdP36OqaCxxKQUuyBL2P7YmWtd7z1quUt24",
    "cache-control": "no-cache, no-store, must-revalidate",
    "pragma": "no-cache",
    "sec-ch-ua": "\"Not;A=Brand\";v=\"99\", \"Google Chrome\";v=\"139\", \"Chromium\";v=\"139\"",
    "sec-ch-ua-mobile": "?0",
    "expires": "0",
    "user-agent": "Mozilla/5.0 (Windows NT 10.0; Win64; x64) AppleWebKit/537.36 (KHTML, like Gecko) Chrome/139.0.0.0 Safari/537.36",
    "dnt": "1",
    "content-type": "application/json",
    "accept": "*/*",
    "origin": "http://localhost:3000",
    "sec-fetch-site": "same-site",
    "sec-fetch-mode": "cors",
    "sec-fetch-dest": "empty",
    "referer": "http://localhost:3000/",
    "accept-encoding": "gzip, deflate, br, zstd",
    "accept-language": "ja,en-US;q=0.9,en;q=0.8"
  },
  "query": {
    "_t": "1755498317260"
  },
  "params": {},
  "requestId": "req_1755498395387_j52ebh51p"
}
2025-08-18 15:26:35 [DEBUG]: Query Parameters {
  "service": "curriculum-portal-backend",
  "method": "GET",
  "url": "/api/user-info?_t=1755498317260",
  "query": {
    "_t": "1755498317260"
  }
}
2025-08-18 15:26:35 [DEBUG]: Request Headers {
  "service": "curriculum-portal-backend",
  "method": "GET",
  "url": "/api/user-info?_t=1755498317260",
  "headers": {
    "host": "localhost:5000",
    "connection": "keep-alive",
    "sec-ch-ua-platform": "\"Windows\"",
    "cache-control": "no-cache, no-store, must-revalidate",
    "pragma": "no-cache",
    "sec-ch-ua": "\"Not;A=Brand\";v=\"99\", \"Google Chrome\";v=\"139\", \"Chromium\";v=\"139\"",
    "sec-ch-ua-mobile": "?0",
    "expires": "0",
    "user-agent": "Mozilla/5.0 (Windows NT 10.0; Win64; x64) AppleWebKit/537.36 (KHTML, like Gecko) Chrome/139.0.0.0 Safari/537.36",
    "dnt": "1",
    "content-type": "application/json",
    "accept": "*/*",
    "origin": "http://localhost:3000",
    "sec-fetch-site": "same-site",
    "sec-fetch-mode": "cors",
    "sec-fetch-dest": "empty",
    "referer": "http://localhost:3000/",
    "accept-encoding": "gzip, deflate, br, zstd",
    "accept-language": "ja,en-US;q=0.9,en;q=0.8"
  }
}
2025-08-18 15:26:35 [DEBUG]: 接続がプールから取得されました {
  "service": "curriculum-portal-backend",
  "threadId": 571
}
2025-08-18 15:26:35 [INFO]: Incoming Request {
  "service": "curriculum-portal-backend",
  "method": "GET",
  "url": "/api/user-info?_t=1755498317257",
  "ip": "172.18.0.1",
  "userAgent": "Mozilla/5.0 (Windows NT 10.0; Win64; x64) AppleWebKit/537.36 (KHTML, like Gecko) Chrome/139.0.0.0 Safari/537.36",
  "headers": {
    "host": "localhost:5000",
    "connection": "keep-alive",
    "sec-ch-ua-platform": "\"Windows\"",
    "authorization": "Bearer eyJhbGciOiJIUzI1NiIsInR5cCI6IkpXVCJ9.eyJ1c2VyX2lkIjo2LCJ1c2VybmFtZSI6Iuebm-WGheOAgOeolOWPsiIsInJvbGUiOjQsImNvbXBhbnlfaWQiOjIsImlhdCI6MTc1NTQ5NzI0NiwiZXhwIjoxNzU1NTAwODQ2fQ.5H8CaALtUdP36OqaCxxKQUuyBL2P7YmWtd7z1quUt24",
    "cache-control": "no-cache, no-store, must-revalidate",
    "pragma": "no-cache",
    "sec-ch-ua": "\"Not;A=Brand\";v=\"99\", \"Google Chrome\";v=\"139\", \"Chromium\";v=\"139\"",
    "sec-ch-ua-mobile": "?0",
    "expires": "0",
    "user-agent": "Mozilla/5.0 (Windows NT 10.0; Win64; x64) AppleWebKit/537.36 (KHTML, like Gecko) Chrome/139.0.0.0 Safari/537.36",
    "dnt": "1",
    "content-type": "application/json",
    "accept": "*/*",
    "origin": "http://localhost:3000",
    "sec-fetch-site": "same-site",
    "sec-fetch-mode": "cors",
    "sec-fetch-dest": "empty",
    "referer": "http://localhost:3000/",
    "accept-encoding": "gzip, deflate, br, zstd",
    "accept-language": "ja,en-US;q=0.9,en;q=0.8"
  },
  "query": {
    "_t": "1755498317257"
  },
  "params": {},
  "requestId": "req_1755498395501_8cpp5an2h"
}
2025-08-18 15:26:35 [DEBUG]: Query Parameters {
  "service": "curriculum-portal-backend",
  "method": "GET",
  "url": "/api/user-info?_t=1755498317257",
  "query": {
    "_t": "1755498317257"
  }
}
2025-08-18 15:26:35 [DEBUG]: Request Headers {
  "service": "curriculum-portal-backend",
  "method": "GET",
  "url": "/api/user-info?_t=1755498317257",
  "headers": {
    "host": "localhost:5000",
    "connection": "keep-alive",
    "sec-ch-ua-platform": "\"Windows\"",
    "cache-control": "no-cache, no-store, must-revalidate",
    "pragma": "no-cache",
    "sec-ch-ua": "\"Not;A=Brand\";v=\"99\", \"Google Chrome\";v=\"139\", \"Chromium\";v=\"139\"",
    "sec-ch-ua-mobile": "?0",
    "expires": "0",
    "user-agent": "Mozilla/5.0 (Windows NT 10.0; Win64; x64) AppleWebKit/537.36 (KHTML, like Gecko) Chrome/139.0.0.0 Safari/537.36",
    "dnt": "1",
    "content-type": "application/json",
    "accept": "*/*",
    "origin": "http://localhost:3000",
    "sec-fetch-site": "same-site",
    "sec-fetch-mode": "cors",
    "sec-fetch-dest": "empty",
    "referer": "http://localhost:3000/",
    "accept-encoding": "gzip, deflate, br, zstd",
    "accept-language": "ja,en-US;q=0.9,en;q=0.8"
  }
}
2025-08-18 15:26:35 [INFO]: Incoming Request {
  "service": "curriculum-portal-backend",
  "method": "GET",
  "url": "/api/user-info?_t=1755498317255",
  "ip": "172.18.0.1",
  "userAgent": "Mozilla/5.0 (Windows NT 10.0; Win64; x64) AppleWebKit/537.36 (KHTML, like Gecko) Chrome/139.0.0.0 Safari/537.36",
  "headers": {
    "host": "localhost:5000",
    "connection": "keep-alive",
    "sec-ch-ua-platform": "\"Windows\"",
    "authorization": "Bearer eyJhbGciOiJIUzI1NiIsInR5cCI6IkpXVCJ9.eyJ1c2VyX2lkIjo2LCJ1c2VybmFtZSI6Iuebm-WGheOAgOeolOWPsiIsInJvbGUiOjQsImNvbXBhbnlfaWQiOjIsImlhdCI6MTc1NTQ5NzI0NiwiZXhwIjoxNzU1NTAwODQ2fQ.5H8CaALtUdP36OqaCxxKQUuyBL2P7YmWtd7z1quUt24",
    "cache-control": "no-cache, no-store, must-revalidate",
    "pragma": "no-cache",
    "sec-ch-ua": "\"Not;A=Brand\";v=\"99\", \"Google Chrome\";v=\"139\", \"Chromium\";v=\"139\"",
    "sec-ch-ua-mobile": "?0",
    "expires": "0",
    "user-agent": "Mozilla/5.0 (Windows NT 10.0; Win64; x64) AppleWebKit/537.36 (KHTML, like Gecko) Chrome/139.0.0.0 Safari/537.36",
    "dnt": "1",
    "content-type": "application/json",
    "accept": "*/*",
    "origin": "http://localhost:3000",
    "sec-fetch-site": "same-site",
    "sec-fetch-mode": "cors",
    "sec-fetch-dest": "empty",
    "referer": "http://localhost:3000/",
    "accept-encoding": "gzip, deflate, br, zstd",
    "accept-language": "ja,en-US;q=0.9,en;q=0.8"
  },
  "query": {
    "_t": "1755498317255"
  },
  "params": {},
  "requestId": "req_1755498395528_f9lq5978i"
}
2025-08-18 15:26:35 [DEBUG]: Query Parameters {
  "service": "curriculum-portal-backend",
  "method": "GET",
  "url": "/api/user-info?_t=1755498317255",
  "query": {
    "_t": "1755498317255"
  }
}
2025-08-18 15:26:35 [DEBUG]: Request Headers {
  "service": "curriculum-portal-backend",
  "method": "GET",
  "url": "/api/user-info?_t=1755498317255",
  "headers": {
    "host": "localhost:5000",
    "connection": "keep-alive",
    "sec-ch-ua-platform": "\"Windows\"",
    "cache-control": "no-cache, no-store, must-revalidate",
    "pragma": "no-cache",
    "sec-ch-ua": "\"Not;A=Brand\";v=\"99\", \"Google Chrome\";v=\"139\", \"Chromium\";v=\"139\"",
    "sec-ch-ua-mobile": "?0",
    "expires": "0",
    "user-agent": "Mozilla/5.0 (Windows NT 10.0; Win64; x64) AppleWebKit/537.36 (KHTML, like Gecko) Chrome/139.0.0.0 Safari/537.36",
    "dnt": "1",
    "content-type": "application/json",
    "accept": "*/*",
    "origin": "http://localhost:3000",
    "sec-fetch-site": "same-site",
    "sec-fetch-mode": "cors",
    "sec-fetch-dest": "empty",
    "referer": "http://localhost:3000/",
    "accept-encoding": "gzip, deflate, br, zstd",
    "accept-language": "ja,en-US;q=0.9,en;q=0.8"
  }
}
2025-08-18 15:26:35 [DEBUG]: 接続がプールに返されました {
  "service": "curriculum-portal-backend",
  "threadId": 571
}
2025-08-18 15:26:35 [INFO]: Outgoing Response {
  "service": "curriculum-portal-backend",
  "method": "GET",
  "url": "/user-info?_t=1755498317260",
  "statusCode": 200,
  "responseTime": "180ms",
  "contentLength": "745",
  "requestId": "req_1755498395567_pcrmlgekw"
}
2025-08-18 15:26:35 [INFO]: Incoming Request {
  "service": "curriculum-portal-backend",
  "method": "GET",
  "url": "/api/user-info?_t=1755498317245",
  "ip": "172.18.0.1",
  "userAgent": "Mozilla/5.0 (Windows NT 10.0; Win64; x64) AppleWebKit/537.36 (KHTML, like Gecko) Chrome/139.0.0.0 Safari/537.36",
  "headers": {
    "host": "localhost:5000",
    "connection": "keep-alive",
    "sec-ch-ua-platform": "\"Windows\"",
    "authorization": "Bearer eyJhbGciOiJIUzI1NiIsInR5cCI6IkpXVCJ9.eyJ1c2VyX2lkIjo2LCJ1c2VybmFtZSI6Iuebm-WGheOAgOeolOWPsiIsInJvbGUiOjQsImNvbXBhbnlfaWQiOjIsImlhdCI6MTc1NTQ5NzI0NiwiZXhwIjoxNzU1NTAwODQ2fQ.5H8CaALtUdP36OqaCxxKQUuyBL2P7YmWtd7z1quUt24",
    "cache-control": "no-cache, no-store, must-revalidate",
    "pragma": "no-cache",
    "sec-ch-ua": "\"Not;A=Brand\";v=\"99\", \"Google Chrome\";v=\"139\", \"Chromium\";v=\"139\"",
    "sec-ch-ua-mobile": "?0",
    "expires": "0",
    "user-agent": "Mozilla/5.0 (Windows NT 10.0; Win64; x64) AppleWebKit/537.36 (KHTML, like Gecko) Chrome/139.0.0.0 Safari/537.36",
    "dnt": "1",
    "content-type": "application/json",
    "accept": "*/*",
    "origin": "http://localhost:3000",
    "sec-fetch-site": "same-site",
    "sec-fetch-mode": "cors",
    "sec-fetch-dest": "empty",
    "referer": "http://localhost:3000/",
    "accept-encoding": "gzip, deflate, br, zstd",
    "accept-language": "ja,en-US;q=0.9,en;q=0.8"
  },
  "query": {
    "_t": "1755498317245"
  },
  "params": {},
  "requestId": "req_1755498395572_qwva3r3ec"
}
2025-08-18 15:26:35 [DEBUG]: Query Parameters {
  "service": "curriculum-portal-backend",
  "method": "GET",
  "url": "/api/user-info?_t=1755498317245",
  "query": {
    "_t": "1755498317245"
  }
}
2025-08-18 15:26:35 [DEBUG]: Request Headers {
  "service": "curriculum-portal-backend",
  "method": "GET",
  "url": "/api/user-info?_t=1755498317245",
  "headers": {
    "host": "localhost:5000",
    "connection": "keep-alive",
    "sec-ch-ua-platform": "\"Windows\"",
    "cache-control": "no-cache, no-store, must-revalidate",
    "pragma": "no-cache",
    "sec-ch-ua": "\"Not;A=Brand\";v=\"99\", \"Google Chrome\";v=\"139\", \"Chromium\";v=\"139\"",
    "sec-ch-ua-mobile": "?0",
    "expires": "0",
    "user-agent": "Mozilla/5.0 (Windows NT 10.0; Win64; x64) AppleWebKit/537.36 (KHTML, like Gecko) Chrome/139.0.0.0 Safari/537.36",
    "dnt": "1",
    "content-type": "application/json",
    "accept": "*/*",
    "origin": "http://localhost:3000",
    "sec-fetch-site": "same-site",
    "sec-fetch-mode": "cors",
    "sec-fetch-dest": "empty",
    "referer": "http://localhost:3000/",
    "accept-encoding": "gzip, deflate, br, zstd",
    "accept-language": "ja,en-US;q=0.9,en;q=0.8"
  }
}
2025-08-18 15:26:35 [DEBUG]: 接続がプールから取得されました {
  "service": "curriculum-portal-backend",
  "threadId": 571
}
2025-08-18 15:26:35 [INFO]: 新しいデータベース接続が作成されました {
  "service": "curriculum-portal-backend",
  "threadId": 572
}
2025-08-18 15:26:35 [DEBUG]: 接続がプールから取得されました {
  "service": "curriculum-portal-backend",
  "threadId": 572
}
2025-08-18 15:26:35 [INFO]: 新しいデータベース接続が作成されました {
  "service": "curriculum-portal-backend",
  "threadId": 573
}
2025-08-18 15:26:35 [DEBUG]: 接続がプールから取得されました {
  "service": "curriculum-portal-backend",
  "threadId": 573
}
2025-08-18 15:26:35 [DEBUG]: 接続がプールに返されました {
  "service": "curriculum-portal-backend",
  "threadId": 571
}
2025-08-18 15:26:35 [INFO]: Outgoing Response {
  "service": "curriculum-portal-backend",
  "method": "GET",
  "url": "/user-info?_t=1755498317245",
  "statusCode": 200,
  "responseTime": "65ms",
  "contentLength": "745",
  "requestId": "req_1755498395637_jznonc8sp"
}
2025-08-18 15:26:35 [DEBUG]: 接続がプールに返されました {
  "service": "curriculum-portal-backend",
  "threadId": 572
}
2025-08-18 15:26:35 [INFO]: Outgoing Response {
  "service": "curriculum-portal-backend",
  "method": "GET",
  "url": "/user-info?_t=1755498317257",
  "statusCode": 200,
  "responseTime": "165ms",
  "contentLength": "745",
  "requestId": "req_1755498395666_z8521a901"
}
2025-08-18 15:26:35 [DEBUG]: 接続がプールに返されました {
  "service": "curriculum-portal-backend",
  "threadId": 573
}
2025-08-18 15:26:35 [INFO]: Outgoing Response {
  "service": "curriculum-portal-backend",
  "method": "GET",
  "url": "/user-info?_t=1755498317255",
  "statusCode": 200,
  "responseTime": "160ms",
  "contentLength": "745",
  "requestId": "req_1755498395688_ere265qa3"
}
2025-08-18 15:26:37 [INFO]: Incoming Request {
  "service": "curriculum-portal-backend",
  "method": "GET",
  "url": "/api/satellites/1?_t=1755498318993",
  "ip": "172.18.0.1",
  "userAgent": "Mozilla/5.0 (Windows NT 10.0; Win64; x64) AppleWebKit/537.36 (KHTML, like Gecko) Chrome/139.0.0.0 Safari/537.36",
  "headers": {
    "host": "localhost:5000",
    "connection": "keep-alive",
    "sec-ch-ua-platform": "\"Windows\"",
    "authorization": "Bearer eyJhbGciOiJIUzI1NiIsInR5cCI6IkpXVCJ9.eyJ1c2VyX2lkIjo2LCJ1c2VybmFtZSI6Iuebm-WGheOAgOeolOWPsiIsInJvbGUiOjQsImNvbXBhbnlfaWQiOjIsImlhdCI6MTc1NTQ5NzI0NiwiZXhwIjoxNzU1NTAwODQ2fQ.5H8CaALtUdP36OqaCxxKQUuyBL2P7YmWtd7z1quUt24",
    "cache-control": "no-cache, no-store, must-revalidate",
    "pragma": "no-cache",
    "sec-ch-ua": "\"Not;A=Brand\";v=\"99\", \"Google Chrome\";v=\"139\", \"Chromium\";v=\"139\"",
    "sec-ch-ua-mobile": "?0",
    "expires": "0",
    "user-agent": "Mozilla/5.0 (Windows NT 10.0; Win64; x64) AppleWebKit/537.36 (KHTML, like Gecko) Chrome/139.0.0.0 Safari/537.36",
    "dnt": "1",
    "content-type": "application/json",
    "accept": "*/*",
    "origin": "http://localhost:3000",
    "sec-fetch-site": "same-site",
    "sec-fetch-mode": "cors",
    "sec-fetch-dest": "empty",
    "referer": "http://localhost:3000/",
    "accept-encoding": "gzip, deflate, br, zstd",
    "accept-language": "ja,en-US;q=0.9,en;q=0.8"
  },
  "query": {
    "_t": "1755498318993"
  },
  "params": {},
  "requestId": "req_1755498397038_3s9wpcans"
}
2025-08-18 15:26:37 [DEBUG]: Query Parameters {
  "service": "curriculum-portal-backend",
  "method": "GET",
  "url": "/api/satellites/1?_t=1755498318993",
  "query": {
    "_t": "1755498318993"
  }
}
2025-08-18 15:26:37 [DEBUG]: Request Headers {
  "service": "curriculum-portal-backend",
  "method": "GET",
  "url": "/api/satellites/1?_t=1755498318993",
  "headers": {
    "host": "localhost:5000",
    "connection": "keep-alive",
    "sec-ch-ua-platform": "\"Windows\"",
    "cache-control": "no-cache, no-store, must-revalidate",
    "pragma": "no-cache",
    "sec-ch-ua": "\"Not;A=Brand\";v=\"99\", \"Google Chrome\";v=\"139\", \"Chromium\";v=\"139\"",
    "sec-ch-ua-mobile": "?0",
    "expires": "0",
    "user-agent": "Mozilla/5.0 (Windows NT 10.0; Win64; x64) AppleWebKit/537.36 (KHTML, like Gecko) Chrome/139.0.0.0 Safari/537.36",
    "dnt": "1",
    "content-type": "application/json",
    "accept": "*/*",
    "origin": "http://localhost:3000",
    "sec-fetch-site": "same-site",
    "sec-fetch-mode": "cors",
    "sec-fetch-dest": "empty",
    "referer": "http://localhost:3000/",
    "accept-encoding": "gzip, deflate, br, zstd",
    "accept-language": "ja,en-US;q=0.9,en;q=0.8"
  }
}
2025-08-18 15:26:37 [DEBUG]: 接続がプールから取得されました {
  "service": "curriculum-portal-backend",
  "threadId": 573
}
2025-08-18 15:26:37 [INFO]: Incoming Request {
  "service": "curriculum-portal-backend",
  "method": "GET",
  "url": "/api/satellites/1/instructors?_t=1755498318998",
  "ip": "172.18.0.1",
  "userAgent": "Mozilla/5.0 (Windows NT 10.0; Win64; x64) AppleWebKit/537.36 (KHTML, like Gecko) Chrome/139.0.0.0 Safari/537.36",
  "headers": {
    "host": "localhost:5000",
    "connection": "keep-alive",
    "sec-ch-ua-platform": "\"Windows\"",
    "authorization": "Bearer eyJhbGciOiJIUzI1NiIsInR5cCI6IkpXVCJ9.eyJ1c2VyX2lkIjo2LCJ1c2VybmFtZSI6Iuebm-WGheOAgOeolOWPsiIsInJvbGUiOjQsImNvbXBhbnlfaWQiOjIsImlhdCI6MTc1NTQ5NzI0NiwiZXhwIjoxNzU1NTAwODQ2fQ.5H8CaALtUdP36OqaCxxKQUuyBL2P7YmWtd7z1quUt24",
    "cache-control": "no-cache, no-store, must-revalidate",
    "pragma": "no-cache",
    "sec-ch-ua": "\"Not;A=Brand\";v=\"99\", \"Google Chrome\";v=\"139\", \"Chromium\";v=\"139\"",
    "sec-ch-ua-mobile": "?0",
    "expires": "0",
    "user-agent": "Mozilla/5.0 (Windows NT 10.0; Win64; x64) AppleWebKit/537.36 (KHTML, like Gecko) Chrome/139.0.0.0 Safari/537.36",
    "dnt": "1",
    "content-type": "application/json",
    "accept": "*/*",
    "origin": "http://localhost:3000",
    "sec-fetch-site": "same-site",
    "sec-fetch-mode": "cors",
    "sec-fetch-dest": "empty",
    "referer": "http://localhost:3000/",
    "accept-encoding": "gzip, deflate, br, zstd",
    "accept-language": "ja,en-US;q=0.9,en;q=0.8"
  },
  "query": {
    "_t": "1755498318998"
  },
  "params": {},
  "requestId": "req_1755498397080_ln8m7xy1q"
}
2025-08-18 15:26:37 [DEBUG]: Query Parameters {
  "service": "curriculum-portal-backend",
  "method": "GET",
  "url": "/api/satellites/1/instructors?_t=1755498318998",
  "query": {
    "_t": "1755498318998"
  }
}
2025-08-18 15:26:37 [DEBUG]: Request Headers {
  "service": "curriculum-portal-backend",
  "method": "GET",
  "url": "/api/satellites/1/instructors?_t=1755498318998",
  "headers": {
    "host": "localhost:5000",
    "connection": "keep-alive",
    "sec-ch-ua-platform": "\"Windows\"",
    "cache-control": "no-cache, no-store, must-revalidate",
    "pragma": "no-cache",
    "sec-ch-ua": "\"Not;A=Brand\";v=\"99\", \"Google Chrome\";v=\"139\", \"Chromium\";v=\"139\"",
    "sec-ch-ua-mobile": "?0",
    "expires": "0",
    "user-agent": "Mozilla/5.0 (Windows NT 10.0; Win64; x64) AppleWebKit/537.36 (KHTML, like Gecko) Chrome/139.0.0.0 Safari/537.36",
    "dnt": "1",
    "content-type": "application/json",
    "accept": "*/*",
    "origin": "http://localhost:3000",
    "sec-fetch-site": "same-site",
    "sec-fetch-mode": "cors",
    "sec-fetch-dest": "empty",
    "referer": "http://localhost:3000/",
    "accept-encoding": "gzip, deflate, br, zstd",
    "accept-language": "ja,en-US;q=0.9,en;q=0.8"
  }
}
2025-08-18 15:26:37 [DEBUG]: 接続がプールから取得されました {
  "service": "curriculum-portal-backend",
  "threadId": 572
}
2025-08-18 15:26:37 [INFO]: Incoming Request {
  "service": "curriculum-portal-backend",
  "method": "GET",
  "url": "/api/satellites/1?_t=1755498319005",
  "ip": "172.18.0.1",
  "userAgent": "Mozilla/5.0 (Windows NT 10.0; Win64; x64) AppleWebKit/537.36 (KHTML, like Gecko) Chrome/139.0.0.0 Safari/537.36",
  "headers": {
    "host": "localhost:5000",
    "connection": "keep-alive",
    "sec-ch-ua-platform": "\"Windows\"",
    "authorization": "Bearer eyJhbGciOiJIUzI1NiIsInR5cCI6IkpXVCJ9.eyJ1c2VyX2lkIjo2LCJ1c2VybmFtZSI6Iuebm-WGheOAgOeolOWPsiIsInJvbGUiOjQsImNvbXBhbnlfaWQiOjIsImlhdCI6MTc1NTQ5NzI0NiwiZXhwIjoxNzU1NTAwODQ2fQ.5H8CaALtUdP36OqaCxxKQUuyBL2P7YmWtd7z1quUt24",
    "cache-control": "no-cache, no-store, must-revalidate",
    "pragma": "no-cache",
    "sec-ch-ua": "\"Not;A=Brand\";v=\"99\", \"Google Chrome\";v=\"139\", \"Chromium\";v=\"139\"",
    "sec-ch-ua-mobile": "?0",
    "expires": "0",
    "user-agent": "Mozilla/5.0 (Windows NT 10.0; Win64; x64) AppleWebKit/537.36 (KHTML, like Gecko) Chrome/139.0.0.0 Safari/537.36",
    "dnt": "1",
    "content-type": "application/json",
    "accept": "*/*",
    "origin": "http://localhost:3000",
    "sec-fetch-site": "same-site",
    "sec-fetch-mode": "cors",
    "sec-fetch-dest": "empty",
    "referer": "http://localhost:3000/",
    "accept-encoding": "gzip, deflate, br, zstd",
    "accept-language": "ja,en-US;q=0.9,en;q=0.8"
  },
  "query": {
    "_t": "1755498319005"
  },
  "params": {},
  "requestId": "req_1755498397101_mbizk8i3j"
}
2025-08-18 15:26:37 [DEBUG]: Query Parameters {
  "service": "curriculum-portal-backend",
  "method": "GET",
  "url": "/api/satellites/1?_t=1755498319005",
  "query": {
    "_t": "1755498319005"
  }
}
2025-08-18 15:26:37 [DEBUG]: Request Headers {
  "service": "curriculum-portal-backend",
  "method": "GET",
  "url": "/api/satellites/1?_t=1755498319005",
  "headers": {
    "host": "localhost:5000",
    "connection": "keep-alive",
    "sec-ch-ua-platform": "\"Windows\"",
    "cache-control": "no-cache, no-store, must-revalidate",
    "pragma": "no-cache",
    "sec-ch-ua": "\"Not;A=Brand\";v=\"99\", \"Google Chrome\";v=\"139\", \"Chromium\";v=\"139\"",
    "sec-ch-ua-mobile": "?0",
    "expires": "0",
    "user-agent": "Mozilla/5.0 (Windows NT 10.0; Win64; x64) AppleWebKit/537.36 (KHTML, like Gecko) Chrome/139.0.0.0 Safari/537.36",
    "dnt": "1",
    "content-type": "application/json",
    "accept": "*/*",
    "origin": "http://localhost:3000",
    "sec-fetch-site": "same-site",
    "sec-fetch-mode": "cors",
    "sec-fetch-dest": "empty",
    "referer": "http://localhost:3000/",
    "accept-encoding": "gzip, deflate, br, zstd",
    "accept-language": "ja,en-US;q=0.9,en;q=0.8"
  }
}
2025-08-18 15:26:37 [DEBUG]: 接続がプールから取得されました {
  "service": "curriculum-portal-backend",
  "threadId": 571
}
2025-08-18 15:26:37 [DEBUG]: 接続がプールに返されました {
  "service": "curriculum-portal-backend",
  "threadId": 573
}
2025-08-18 15:26:37 [INFO]: Outgoing Response {
  "service": "curriculum-portal-backend",
  "method": "GET",
  "url": "/1?_t=1755498318993",
  "statusCode": 200,
  "responseTime": "90ms",
  "contentLength": "531",
  "requestId": "req_1755498397128_escx1t8tc"
}
2025-08-18 15:26:37 [INFO]: Incoming Request {
  "service": "curriculum-portal-backend",
  "method": "GET",
  "url": "/api/satellites/1/instructors?_t=1755498319014",
  "ip": "172.18.0.1",
  "userAgent": "Mozilla/5.0 (Windows NT 10.0; Win64; x64) AppleWebKit/537.36 (KHTML, like Gecko) Chrome/139.0.0.0 Safari/537.36",
  "headers": {
    "host": "localhost:5000",
    "connection": "keep-alive",
    "sec-ch-ua-platform": "\"Windows\"",
    "authorization": "Bearer eyJhbGciOiJIUzI1NiIsInR5cCI6IkpXVCJ9.eyJ1c2VyX2lkIjo2LCJ1c2VybmFtZSI6Iuebm-WGheOAgOeolOWPsiIsInJvbGUiOjQsImNvbXBhbnlfaWQiOjIsImlhdCI6MTc1NTQ5NzI0NiwiZXhwIjoxNzU1NTAwODQ2fQ.5H8CaALtUdP36OqaCxxKQUuyBL2P7YmWtd7z1quUt24",
    "cache-control": "no-cache, no-store, must-revalidate",
    "pragma": "no-cache",
    "sec-ch-ua": "\"Not;A=Brand\";v=\"99\", \"Google Chrome\";v=\"139\", \"Chromium\";v=\"139\"",
    "sec-ch-ua-mobile": "?0",
    "expires": "0",
    "user-agent": "Mozilla/5.0 (Windows NT 10.0; Win64; x64) AppleWebKit/537.36 (KHTML, like Gecko) Chrome/139.0.0.0 Safari/537.36",
    "dnt": "1",
    "content-type": "application/json",
    "accept": "*/*",
    "origin": "http://localhost:3000",
    "sec-fetch-site": "same-site",
    "sec-fetch-mode": "cors",
    "sec-fetch-dest": "empty",
    "referer": "http://localhost:3000/",
    "accept-encoding": "gzip, deflate, br, zstd",
    "accept-language": "ja,en-US;q=0.9,en;q=0.8"
  },
  "query": {
    "_t": "1755498319014"
  },
  "params": {},
  "requestId": "req_1755498397134_e121kkx56"
}
2025-08-18 15:26:37 [DEBUG]: Query Parameters {
  "service": "curriculum-portal-backend",
  "method": "GET",
  "url": "/api/satellites/1/instructors?_t=1755498319014",
  "query": {
    "_t": "1755498319014"
  }
}
2025-08-18 15:26:37 [DEBUG]: Request Headers {
  "service": "curriculum-portal-backend",
  "method": "GET",
  "url": "/api/satellites/1/instructors?_t=1755498319014",
  "headers": {
    "host": "localhost:5000",
    "connection": "keep-alive",
    "sec-ch-ua-platform": "\"Windows\"",
    "cache-control": "no-cache, no-store, must-revalidate",
    "pragma": "no-cache",
    "sec-ch-ua": "\"Not;A=Brand\";v=\"99\", \"Google Chrome\";v=\"139\", \"Chromium\";v=\"139\"",
    "sec-ch-ua-mobile": "?0",
    "expires": "0",
    "user-agent": "Mozilla/5.0 (Windows NT 10.0; Win64; x64) AppleWebKit/537.36 (KHTML, like Gecko) Chrome/139.0.0.0 Safari/537.36",
    "dnt": "1",
    "content-type": "application/json",
    "accept": "*/*",
    "origin": "http://localhost:3000",
    "sec-fetch-site": "same-site",
    "sec-fetch-mode": "cors",
    "sec-fetch-dest": "empty",
    "referer": "http://localhost:3000/",
    "accept-encoding": "gzip, deflate, br, zstd",
    "accept-language": "ja,en-US;q=0.9,en;q=0.8"
  }
}
2025-08-18 15:26:37 [DEBUG]: 接続がプールから取得されました {
  "service": "curriculum-portal-backend",
  "threadId": 573
}
2025-08-18 15:26:37 [DEBUG]: 接続がプールに返されました {
  "service": "curriculum-portal-backend",
  "threadId": 572
}
2025-08-18 15:26:37 [INFO]: Outgoing Response {
  "service": "curriculum-portal-backend",
  "method": "GET",
  "url": "/1/instructors?_t=1755498318998",
  "statusCode": 200,
  "responseTime": "89ms",
  "contentLength": "26",
  "requestId": "req_1755498397169_oqqmjqp6t"
}
2025-08-18 15:26:37 [DEBUG]: 接続がプールに返されました {
  "service": "curriculum-portal-backend",
  "threadId": 573
}
2025-08-18 15:26:37 [INFO]: Outgoing Response {
  "service": "curriculum-portal-backend",
  "method": "GET",
  "url": "/1/instructors?_t=1755498319014",
  "statusCode": 200,
  "responseTime": "50ms",
  "contentLength": "26",
  "requestId": "req_1755498397183_f6kzhizmg"
}
2025-08-18 15:26:37 [DEBUG]: 接続がプールに返されました {
  "service": "curriculum-portal-backend",
  "threadId": 571
}
2025-08-18 15:26:37 [INFO]: Outgoing Response {
  "service": "curriculum-portal-backend",
  "method": "GET",
  "url": "/1?_t=1755498319005",
  "statusCode": 200,
  "responseTime": "89ms",
  "contentLength": "531",
  "requestId": "req_1755498397190_rh7456oko"
}
2025-08-18 15:26:37 [INFO]: Incoming Request {
  "service": "curriculum-portal-backend",
  "method": "GET",
  "url": "/api/satellites/1/stats?_t=1755498319110",
  "ip": "172.18.0.1",
  "userAgent": "Mozilla/5.0 (Windows NT 10.0; Win64; x64) AppleWebKit/537.36 (KHTML, like Gecko) Chrome/139.0.0.0 Safari/537.36",
  "headers": {
    "host": "localhost:5000",
    "connection": "keep-alive",
    "sec-ch-ua-platform": "\"Windows\"",
    "authorization": "Bearer eyJhbGciOiJIUzI1NiIsInR5cCI6IkpXVCJ9.eyJ1c2VyX2lkIjo2LCJ1c2VybmFtZSI6Iuebm-WGheOAgOeolOWPsiIsInJvbGUiOjQsImNvbXBhbnlfaWQiOjIsImlhdCI6MTc1NTQ5NzI0NiwiZXhwIjoxNzU1NTAwODQ2fQ.5H8CaALtUdP36OqaCxxKQUuyBL2P7YmWtd7z1quUt24",
    "cache-control": "no-cache, no-store, must-revalidate",
    "pragma": "no-cache",
    "sec-ch-ua": "\"Not;A=Brand\";v=\"99\", \"Google Chrome\";v=\"139\", \"Chromium\";v=\"139\"",
    "sec-ch-ua-mobile": "?0",
    "expires": "0",
    "user-agent": "Mozilla/5.0 (Windows NT 10.0; Win64; x64) AppleWebKit/537.36 (KHTML, like Gecko) Chrome/139.0.0.0 Safari/537.36",
    "dnt": "1",
    "content-type": "application/json",
    "accept": "*/*",
    "origin": "http://localhost:3000",
    "sec-fetch-site": "same-site",
    "sec-fetch-mode": "cors",
    "sec-fetch-dest": "empty",
    "referer": "http://localhost:3000/",
    "accept-encoding": "gzip, deflate, br, zstd",
    "accept-language": "ja,en-US;q=0.9,en;q=0.8"
  },
  "query": {
    "_t": "1755498319110"
  },
  "params": {},
  "requestId": "req_1755498397194_s3h76xunu"
}
2025-08-18 15:26:37 [DEBUG]: Query Parameters {
  "service": "curriculum-portal-backend",
  "method": "GET",
  "url": "/api/satellites/1/stats?_t=1755498319110",
  "query": {
    "_t": "1755498319110"
  }
}
2025-08-18 15:26:37 [DEBUG]: Request Headers {
  "service": "curriculum-portal-backend",
  "method": "GET",
  "url": "/api/satellites/1/stats?_t=1755498319110",
  "headers": {
    "host": "localhost:5000",
    "connection": "keep-alive",
    "sec-ch-ua-platform": "\"Windows\"",
    "cache-control": "no-cache, no-store, must-revalidate",
    "pragma": "no-cache",
    "sec-ch-ua": "\"Not;A=Brand\";v=\"99\", \"Google Chrome\";v=\"139\", \"Chromium\";v=\"139\"",
    "sec-ch-ua-mobile": "?0",
    "expires": "0",
    "user-agent": "Mozilla/5.0 (Windows NT 10.0; Win64; x64) AppleWebKit/537.36 (KHTML, like Gecko) Chrome/139.0.0.0 Safari/537.36",
    "dnt": "1",
    "content-type": "application/json",
    "accept": "*/*",
    "origin": "http://localhost:3000",
    "sec-fetch-site": "same-site",
    "sec-fetch-mode": "cors",
    "sec-fetch-dest": "empty",
    "referer": "http://localhost:3000/",
    "accept-encoding": "gzip, deflate, br, zstd",
    "accept-language": "ja,en-US;q=0.9,en;q=0.8"
  }
}
2025-08-18 15:26:37 [DEBUG]: 接続がプールから取得されました {
  "service": "curriculum-portal-backend",
  "threadId": 571
}
2025-08-18 15:26:37 [INFO]: Incoming Request {
  "service": "curriculum-portal-backend",
  "method": "GET",
  "url": "/api/satellites/1/stats?_t=1755498319176",
  "ip": "172.18.0.1",
  "userAgent": "Mozilla/5.0 (Windows NT 10.0; Win64; x64) AppleWebKit/537.36 (KHTML, like Gecko) Chrome/139.0.0.0 Safari/537.36",
  "headers": {
    "host": "localhost:5000",
    "connection": "keep-alive",
    "sec-ch-ua-platform": "\"Windows\"",
    "authorization": "Bearer eyJhbGciOiJIUzI1NiIsInR5cCI6IkpXVCJ9.eyJ1c2VyX2lkIjo2LCJ1c2VybmFtZSI6Iuebm-WGheOAgOeolOWPsiIsInJvbGUiOjQsImNvbXBhbnlfaWQiOjIsImlhdCI6MTc1NTQ5NzI0NiwiZXhwIjoxNzU1NTAwODQ2fQ.5H8CaALtUdP36OqaCxxKQUuyBL2P7YmWtd7z1quUt24",
    "cache-control": "no-cache, no-store, must-revalidate",
    "pragma": "no-cache",
    "sec-ch-ua": "\"Not;A=Brand\";v=\"99\", \"Google Chrome\";v=\"139\", \"Chromium\";v=\"139\"",
    "sec-ch-ua-mobile": "?0",
    "expires": "0",
    "user-agent": "Mozilla/5.0 (Windows NT 10.0; Win64; x64) AppleWebKit/537.36 (KHTML, like Gecko) Chrome/139.0.0.0 Safari/537.36",
    "dnt": "1",
    "content-type": "application/json",
    "accept": "*/*",
    "origin": "http://localhost:3000",
    "sec-fetch-site": "same-site",
    "sec-fetch-mode": "cors",
    "sec-fetch-dest": "empty",
    "referer": "http://localhost:3000/",
    "accept-encoding": "gzip, deflate, br, zstd",
    "accept-language": "ja,en-US;q=0.9,en;q=0.8"
  },
  "query": {
    "_t": "1755498319176"
  },
  "params": {},
  "requestId": "req_1755498397218_wcvxix0js"
}
2025-08-18 15:26:37 [DEBUG]: Query Parameters {
  "service": "curriculum-portal-backend",
  "method": "GET",
  "url": "/api/satellites/1/stats?_t=1755498319176",
  "query": {
    "_t": "1755498319176"
  }
}
2025-08-18 15:26:37 [DEBUG]: Request Headers {
  "service": "curriculum-portal-backend",
  "method": "GET",
  "url": "/api/satellites/1/stats?_t=1755498319176",
  "headers": {
    "host": "localhost:5000",
    "connection": "keep-alive",
    "sec-ch-ua-platform": "\"Windows\"",
    "cache-control": "no-cache, no-store, must-revalidate",
    "pragma": "no-cache",
    "sec-ch-ua": "\"Not;A=Brand\";v=\"99\", \"Google Chrome\";v=\"139\", \"Chromium\";v=\"139\"",
    "sec-ch-ua-mobile": "?0",
    "expires": "0",
    "user-agent": "Mozilla/5.0 (Windows NT 10.0; Win64; x64) AppleWebKit/537.36 (KHTML, like Gecko) Chrome/139.0.0.0 Safari/537.36",
    "dnt": "1",
    "content-type": "application/json",
    "accept": "*/*",
    "origin": "http://localhost:3000",
    "sec-fetch-site": "same-site",
    "sec-fetch-mode": "cors",
    "sec-fetch-dest": "empty",
    "referer": "http://localhost:3000/",
    "accept-encoding": "gzip, deflate, br, zstd",
    "accept-language": "ja,en-US;q=0.9,en;q=0.8"
  }
}
2025-08-18 15:26:37 [DEBUG]: 接続がプールから取得されました {
  "service": "curriculum-portal-backend",
  "threadId": 573
}
2025-08-18 15:26:37 [DEBUG]: 接続がプールに返されました {
  "service": "curriculum-portal-backend",
  "threadId": 571
}
2025-08-18 15:26:37 [INFO]: Outgoing Response {
  "service": "curriculum-portal-backend",
  "method": "GET",
  "url": "/1/stats?_t=1755498319110",
  "statusCode": 200,
  "responseTime": "68ms",
  "contentLength": "193",
  "requestId": "req_1755498397262_mtwyipz29"
}
2025-08-18 15:26:37 [DEBUG]: 接続がプールに返されました {
  "service": "curriculum-portal-backend",
  "threadId": 573
}
2025-08-18 15:26:37 [INFO]: Outgoing Response {
  "service": "curriculum-portal-backend",
  "method": "GET",
  "url": "/1/stats?_t=1755498319176",
  "statusCode": 200,
  "responseTime": "63ms",
  "contentLength": "193",
  "requestId": "req_1755498397281_5lxruu4j1"
}
2025-08-18 15:27:30 [DEBUG]: Memory Usage {
  "service": "curriculum-portal-backend",
  "rss": "79MB",
  "heapUsed": "21MB",
  "heapTotal": "23MB",
  "external": "2MB"
}
2025-08-18 15:28:16 [INFO]: 新しいデータベース接続が作成されました {
  "service": "curriculum-portal-backend",
  "threadId": 579
}
2025-08-18 15:28:16 [DEBUG]: 接続がプールから取得されました {
  "service": "curriculum-portal-backend",
  "threadId": 579
}
2025-08-18 15:28:16 [INFO]: データベース接続テスト成功 {
  "service": "curriculum-portal-backend",
  "threadId": 579,
  "duration": "187ms",
  "poolSize": 10,
  "activeConnections": 0,
  "idleConnections": 0
}
2025-08-18 15:28:16 [DEBUG]: 接続がプールに返されました {
  "service": "curriculum-portal-backend",
  "threadId": 579
}
2025-08-18 15:28:16 [INFO]: Memory monitoring started {
  "service": "curriculum-portal-backend",
  "interval": "60000ms"
}
2025-08-18 15:28:20 [INFO]: Incoming Request {
  "service": "curriculum-portal-backend",
  "method": "GET",
  "url": "/satellites",
  "ip": "172.18.0.1",
  "userAgent": "Mozilla/5.0 (Windows NT 10.0; Win64; x64) AppleWebKit/537.36 (KHTML, like Gecko) Chrome/139.0.0.0 Safari/537.36",
  "headers": {
    "host": "localhost:5000",
    "connection": "keep-alive",
    "sec-ch-ua-platform": "\"Windows\"",
    "authorization": "Bearer eyJhbGciOiJIUzI1NiIsInR5cCI6IkpXVCJ9.eyJ1c2VyX2lkIjo2LCJ1c2VybmFtZSI6Iuebm-WGheOAgOeolOWPsiIsInJvbGUiOjQsImNvbXBhbnlfaWQiOjIsImlhdCI6MTc1NTQ5NzI0NiwiZXhwIjoxNzU1NTAwODQ2fQ.5H8CaALtUdP36OqaCxxKQUuyBL2P7YmWtd7z1quUt24",
    "user-agent": "Mozilla/5.0 (Windows NT 10.0; Win64; x64) AppleWebKit/537.36 (KHTML, like Gecko) Chrome/139.0.0.0 Safari/537.36",
    "sec-ch-ua": "\"Not;A=Brand\";v=\"99\", \"Google Chrome\";v=\"139\", \"Chromium\";v=\"139\"",
    "dnt": "1",
    "sec-ch-ua-mobile": "?0",
    "accept": "*/*",
    "origin": "http://localhost:3000",
    "sec-fetch-site": "same-site",
    "sec-fetch-mode": "cors",
    "sec-fetch-dest": "empty",
    "referer": "http://localhost:3000/",
    "accept-encoding": "gzip, deflate, br, zstd",
    "accept-language": "ja,en-US;q=0.9,en;q=0.8"
  },
  "query": {},
  "params": {},
  "requestId": "req_1755498500784_tl23o5rky"
}
2025-08-18 15:28:20 [DEBUG]: Request Headers {
  "service": "curriculum-portal-backend",
  "method": "GET",
  "url": "/satellites",
  "headers": {
    "host": "localhost:5000",
    "connection": "keep-alive",
    "sec-ch-ua-platform": "\"Windows\"",
    "user-agent": "Mozilla/5.0 (Windows NT 10.0; Win64; x64) AppleWebKit/537.36 (KHTML, like Gecko) Chrome/139.0.0.0 Safari/537.36",
    "sec-ch-ua": "\"Not;A=Brand\";v=\"99\", \"Google Chrome\";v=\"139\", \"Chromium\";v=\"139\"",
    "dnt": "1",
    "sec-ch-ua-mobile": "?0",
    "accept": "*/*",
    "origin": "http://localhost:3000",
    "sec-fetch-site": "same-site",
    "sec-fetch-mode": "cors",
    "sec-fetch-dest": "empty",
    "referer": "http://localhost:3000/",
    "accept-encoding": "gzip, deflate, br, zstd",
    "accept-language": "ja,en-US;q=0.9,en;q=0.8"
  }
}
2025-08-18 15:28:20 [WARN]: 404 Not Found {
  "service": "curriculum-portal-backend",
  "method": "GET",
  "url": "/satellites",
  "ip": "172.18.0.1",
  "userAgent": "Mozilla/5.0 (Windows NT 10.0; Win64; x64) AppleWebKit/537.36 (KHTML, like Gecko) Chrome/139.0.0.0 Safari/537.36"
}
2025-08-18 15:28:20 [WARN]: Outgoing Response {
  "service": "curriculum-portal-backend",
  "method": "GET",
  "url": "/satellites",
  "statusCode": 404,
  "responseTime": "27ms",
  "contentLength": "75",
  "requestId": "req_1755498500811_1awmtvgkd"
}
2025-08-18 15:28:20 [INFO]: Incoming Request {
  "service": "curriculum-portal-backend",
  "method": "GET",
  "url": "/satellites",
  "ip": "172.18.0.1",
  "userAgent": "Mozilla/5.0 (Windows NT 10.0; Win64; x64) AppleWebKit/537.36 (KHTML, like Gecko) Chrome/139.0.0.0 Safari/537.36",
  "headers": {
    "host": "localhost:5000",
    "connection": "keep-alive",
    "sec-ch-ua-platform": "\"Windows\"",
    "authorization": "Bearer eyJhbGciOiJIUzI1NiIsInR5cCI6IkpXVCJ9.eyJ1c2VyX2lkIjo2LCJ1c2VybmFtZSI6Iuebm-WGheOAgOeolOWPsiIsInJvbGUiOjQsImNvbXBhbnlfaWQiOjIsImlhdCI6MTc1NTQ5NzI0NiwiZXhwIjoxNzU1NTAwODQ2fQ.5H8CaALtUdP36OqaCxxKQUuyBL2P7YmWtd7z1quUt24",
    "user-agent": "Mozilla/5.0 (Windows NT 10.0; Win64; x64) AppleWebKit/537.36 (KHTML, like Gecko) Chrome/139.0.0.0 Safari/537.36",
    "sec-ch-ua": "\"Not;A=Brand\";v=\"99\", \"Google Chrome\";v=\"139\", \"Chromium\";v=\"139\"",
    "dnt": "1",
    "sec-ch-ua-mobile": "?0",
    "accept": "*/*",
    "origin": "http://localhost:3000",
    "sec-fetch-site": "same-site",
    "sec-fetch-mode": "cors",
    "sec-fetch-dest": "empty",
    "referer": "http://localhost:3000/",
    "accept-encoding": "gzip, deflate, br, zstd",
    "accept-language": "ja,en-US;q=0.9,en;q=0.8"
  },
  "query": {},
  "params": {},
  "requestId": "req_1755498500828_f5hnhw0nd"
}
2025-08-18 15:28:20 [DEBUG]: Request Headers {
  "service": "curriculum-portal-backend",
  "method": "GET",
  "url": "/satellites",
  "headers": {
    "host": "localhost:5000",
    "connection": "keep-alive",
    "sec-ch-ua-platform": "\"Windows\"",
    "user-agent": "Mozilla/5.0 (Windows NT 10.0; Win64; x64) AppleWebKit/537.36 (KHTML, like Gecko) Chrome/139.0.0.0 Safari/537.36",
    "sec-ch-ua": "\"Not;A=Brand\";v=\"99\", \"Google Chrome\";v=\"139\", \"Chromium\";v=\"139\"",
    "dnt": "1",
    "sec-ch-ua-mobile": "?0",
    "accept": "*/*",
    "origin": "http://localhost:3000",
    "sec-fetch-site": "same-site",
    "sec-fetch-mode": "cors",
    "sec-fetch-dest": "empty",
    "referer": "http://localhost:3000/",
    "accept-encoding": "gzip, deflate, br, zstd",
    "accept-language": "ja,en-US;q=0.9,en;q=0.8"
  }
}
2025-08-18 15:28:20 [WARN]: 404 Not Found {
  "service": "curriculum-portal-backend",
  "method": "GET",
  "url": "/satellites",
  "ip": "172.18.0.1",
  "userAgent": "Mozilla/5.0 (Windows NT 10.0; Win64; x64) AppleWebKit/537.36 (KHTML, like Gecko) Chrome/139.0.0.0 Safari/537.36"
}
2025-08-18 15:28:20 [WARN]: Outgoing Response {
  "service": "curriculum-portal-backend",
  "method": "GET",
  "url": "/satellites",
  "statusCode": 404,
  "responseTime": "17ms",
  "contentLength": "75",
  "requestId": "req_1755498500845_nvfievn0v"
}
2025-08-18 15:28:23 [INFO]: Incoming Request {
  "service": "curriculum-portal-backend",
  "method": "GET",
  "url": "/api/satellites/1?_t=1755498425178",
  "ip": "172.18.0.1",
  "userAgent": "Mozilla/5.0 (Windows NT 10.0; Win64; x64) AppleWebKit/537.36 (KHTML, like Gecko) Chrome/139.0.0.0 Safari/537.36",
  "headers": {
    "host": "localhost:5000",
    "connection": "keep-alive",
    "sec-ch-ua-platform": "\"Windows\"",
    "authorization": "Bearer eyJhbGciOiJIUzI1NiIsInR5cCI6IkpXVCJ9.eyJ1c2VyX2lkIjo2LCJ1c2VybmFtZSI6Iuebm-WGheOAgOeolOWPsiIsInJvbGUiOjQsImNvbXBhbnlfaWQiOjIsImlhdCI6MTc1NTQ5NzI0NiwiZXhwIjoxNzU1NTAwODQ2fQ.5H8CaALtUdP36OqaCxxKQUuyBL2P7YmWtd7z1quUt24",
    "cache-control": "no-cache, no-store, must-revalidate",
    "pragma": "no-cache",
    "sec-ch-ua": "\"Not;A=Brand\";v=\"99\", \"Google Chrome\";v=\"139\", \"Chromium\";v=\"139\"",
    "sec-ch-ua-mobile": "?0",
    "expires": "0",
    "user-agent": "Mozilla/5.0 (Windows NT 10.0; Win64; x64) AppleWebKit/537.36 (KHTML, like Gecko) Chrome/139.0.0.0 Safari/537.36",
    "dnt": "1",
    "content-type": "application/json",
    "accept": "*/*",
    "origin": "http://localhost:3000",
    "sec-fetch-site": "same-site",
    "sec-fetch-mode": "cors",
    "sec-fetch-dest": "empty",
    "referer": "http://localhost:3000/",
    "accept-encoding": "gzip, deflate, br, zstd",
    "accept-language": "ja,en-US;q=0.9,en;q=0.8"
  },
  "query": {
    "_t": "1755498425178"
  },
  "params": {},
  "requestId": "req_1755498503228_zrnvv0dzx"
}
2025-08-18 15:28:23 [DEBUG]: Query Parameters {
  "service": "curriculum-portal-backend",
  "method": "GET",
  "url": "/api/satellites/1?_t=1755498425178",
  "query": {
    "_t": "1755498425178"
  }
}
2025-08-18 15:28:23 [DEBUG]: Request Headers {
  "service": "curriculum-portal-backend",
  "method": "GET",
  "url": "/api/satellites/1?_t=1755498425178",
  "headers": {
    "host": "localhost:5000",
    "connection": "keep-alive",
    "sec-ch-ua-platform": "\"Windows\"",
    "cache-control": "no-cache, no-store, must-revalidate",
    "pragma": "no-cache",
    "sec-ch-ua": "\"Not;A=Brand\";v=\"99\", \"Google Chrome\";v=\"139\", \"Chromium\";v=\"139\"",
    "sec-ch-ua-mobile": "?0",
    "expires": "0",
    "user-agent": "Mozilla/5.0 (Windows NT 10.0; Win64; x64) AppleWebKit/537.36 (KHTML, like Gecko) Chrome/139.0.0.0 Safari/537.36",
    "dnt": "1",
    "content-type": "application/json",
    "accept": "*/*",
    "origin": "http://localhost:3000",
    "sec-fetch-site": "same-site",
    "sec-fetch-mode": "cors",
    "sec-fetch-dest": "empty",
    "referer": "http://localhost:3000/",
    "accept-encoding": "gzip, deflate, br, zstd",
    "accept-language": "ja,en-US;q=0.9,en;q=0.8"
  }
}
2025-08-18 15:28:23 [DEBUG]: 接続がプールから取得されました {
  "service": "curriculum-portal-backend",
  "threadId": 579
}
2025-08-18 15:28:23 [INFO]: Incoming Request {
  "service": "curriculum-portal-backend",
  "method": "GET",
  "url": "/api/satellites/1/instructors?_t=1755498425183",
  "ip": "172.18.0.1",
  "userAgent": "Mozilla/5.0 (Windows NT 10.0; Win64; x64) AppleWebKit/537.36 (KHTML, like Gecko) Chrome/139.0.0.0 Safari/537.36",
  "headers": {
    "host": "localhost:5000",
    "connection": "keep-alive",
    "sec-ch-ua-platform": "\"Windows\"",
    "authorization": "Bearer eyJhbGciOiJIUzI1NiIsInR5cCI6IkpXVCJ9.eyJ1c2VyX2lkIjo2LCJ1c2VybmFtZSI6Iuebm-WGheOAgOeolOWPsiIsInJvbGUiOjQsImNvbXBhbnlfaWQiOjIsImlhdCI6MTc1NTQ5NzI0NiwiZXhwIjoxNzU1NTAwODQ2fQ.5H8CaALtUdP36OqaCxxKQUuyBL2P7YmWtd7z1quUt24",
    "cache-control": "no-cache, no-store, must-revalidate",
    "pragma": "no-cache",
    "sec-ch-ua": "\"Not;A=Brand\";v=\"99\", \"Google Chrome\";v=\"139\", \"Chromium\";v=\"139\"",
    "sec-ch-ua-mobile": "?0",
    "expires": "0",
    "user-agent": "Mozilla/5.0 (Windows NT 10.0; Win64; x64) AppleWebKit/537.36 (KHTML, like Gecko) Chrome/139.0.0.0 Safari/537.36",
    "dnt": "1",
    "content-type": "application/json",
    "accept": "*/*",
    "origin": "http://localhost:3000",
    "sec-fetch-site": "same-site",
    "sec-fetch-mode": "cors",
    "sec-fetch-dest": "empty",
    "referer": "http://localhost:3000/",
    "accept-encoding": "gzip, deflate, br, zstd",
    "accept-language": "ja,en-US;q=0.9,en;q=0.8"
  },
  "query": {
    "_t": "1755498425183"
  },
  "params": {},
  "requestId": "req_1755498503300_mroqcokkw"
}
2025-08-18 15:28:23 [DEBUG]: Query Parameters {
  "service": "curriculum-portal-backend",
  "method": "GET",
  "url": "/api/satellites/1/instructors?_t=1755498425183",
  "query": {
    "_t": "1755498425183"
  }
}
2025-08-18 15:28:23 [DEBUG]: Request Headers {
  "service": "curriculum-portal-backend",
  "method": "GET",
  "url": "/api/satellites/1/instructors?_t=1755498425183",
  "headers": {
    "host": "localhost:5000",
    "connection": "keep-alive",
    "sec-ch-ua-platform": "\"Windows\"",
    "cache-control": "no-cache, no-store, must-revalidate",
    "pragma": "no-cache",
    "sec-ch-ua": "\"Not;A=Brand\";v=\"99\", \"Google Chrome\";v=\"139\", \"Chromium\";v=\"139\"",
    "sec-ch-ua-mobile": "?0",
    "expires": "0",
    "user-agent": "Mozilla/5.0 (Windows NT 10.0; Win64; x64) AppleWebKit/537.36 (KHTML, like Gecko) Chrome/139.0.0.0 Safari/537.36",
    "dnt": "1",
    "content-type": "application/json",
    "accept": "*/*",
    "origin": "http://localhost:3000",
    "sec-fetch-site": "same-site",
    "sec-fetch-mode": "cors",
    "sec-fetch-dest": "empty",
    "referer": "http://localhost:3000/",
    "accept-encoding": "gzip, deflate, br, zstd",
    "accept-language": "ja,en-US;q=0.9,en;q=0.8"
  }
}
2025-08-18 15:28:23 [DEBUG]: 接続がプールに返されました {
  "service": "curriculum-portal-backend",
  "threadId": 579
}
2025-08-18 15:28:23 [INFO]: Outgoing Response {
  "service": "curriculum-portal-backend",
  "method": "GET",
  "url": "/1?_t=1755498425178",
  "statusCode": 200,
  "responseTime": "126ms",
  "contentLength": "531",
  "requestId": "req_1755498503354_e33rw9dup"
}
2025-08-18 15:28:23 [INFO]: Incoming Request {
  "service": "curriculum-portal-backend",
  "method": "GET",
  "url": "/api/satellites/1?_t=1755498425190",
  "ip": "172.18.0.1",
  "userAgent": "Mozilla/5.0 (Windows NT 10.0; Win64; x64) AppleWebKit/537.36 (KHTML, like Gecko) Chrome/139.0.0.0 Safari/537.36",
  "headers": {
    "host": "localhost:5000",
    "connection": "keep-alive",
    "sec-ch-ua-platform": "\"Windows\"",
    "authorization": "Bearer eyJhbGciOiJIUzI1NiIsInR5cCI6IkpXVCJ9.eyJ1c2VyX2lkIjo2LCJ1c2VybmFtZSI6Iuebm-WGheOAgOeolOWPsiIsInJvbGUiOjQsImNvbXBhbnlfaWQiOjIsImlhdCI6MTc1NTQ5NzI0NiwiZXhwIjoxNzU1NTAwODQ2fQ.5H8CaALtUdP36OqaCxxKQUuyBL2P7YmWtd7z1quUt24",
    "cache-control": "no-cache, no-store, must-revalidate",
    "pragma": "no-cache",
    "sec-ch-ua": "\"Not;A=Brand\";v=\"99\", \"Google Chrome\";v=\"139\", \"Chromium\";v=\"139\"",
    "sec-ch-ua-mobile": "?0",
    "expires": "0",
    "user-agent": "Mozilla/5.0 (Windows NT 10.0; Win64; x64) AppleWebKit/537.36 (KHTML, like Gecko) Chrome/139.0.0.0 Safari/537.36",
    "dnt": "1",
    "content-type": "application/json",
    "accept": "*/*",
    "origin": "http://localhost:3000",
    "sec-fetch-site": "same-site",
    "sec-fetch-mode": "cors",
    "sec-fetch-dest": "empty",
    "referer": "http://localhost:3000/",
    "accept-encoding": "gzip, deflate, br, zstd",
    "accept-language": "ja,en-US;q=0.9,en;q=0.8"
  },
  "query": {
    "_t": "1755498425190"
  },
  "params": {},
  "requestId": "req_1755498503363_bhcbwrxo5"
}
2025-08-18 15:28:23 [DEBUG]: Query Parameters {
  "service": "curriculum-portal-backend",
  "method": "GET",
  "url": "/api/satellites/1?_t=1755498425190",
  "query": {
    "_t": "1755498425190"
  }
}
2025-08-18 15:28:23 [DEBUG]: Request Headers {
  "service": "curriculum-portal-backend",
  "method": "GET",
  "url": "/api/satellites/1?_t=1755498425190",
  "headers": {
    "host": "localhost:5000",
    "connection": "keep-alive",
    "sec-ch-ua-platform": "\"Windows\"",
    "cache-control": "no-cache, no-store, must-revalidate",
    "pragma": "no-cache",
    "sec-ch-ua": "\"Not;A=Brand\";v=\"99\", \"Google Chrome\";v=\"139\", \"Chromium\";v=\"139\"",
    "sec-ch-ua-mobile": "?0",
    "expires": "0",
    "user-agent": "Mozilla/5.0 (Windows NT 10.0; Win64; x64) AppleWebKit/537.36 (KHTML, like Gecko) Chrome/139.0.0.0 Safari/537.36",
    "dnt": "1",
    "content-type": "application/json",
    "accept": "*/*",
    "origin": "http://localhost:3000",
    "sec-fetch-site": "same-site",
    "sec-fetch-mode": "cors",
    "sec-fetch-dest": "empty",
    "referer": "http://localhost:3000/",
    "accept-encoding": "gzip, deflate, br, zstd",
    "accept-language": "ja,en-US;q=0.9,en;q=0.8"
  }
}
2025-08-18 15:28:23 [DEBUG]: 接続がプールから取得されました {
  "service": "curriculum-portal-backend",
  "threadId": 579
}
2025-08-18 15:28:23 [INFO]: 新しいデータベース接続が作成されました {
  "service": "curriculum-portal-backend",
  "threadId": 581
}
2025-08-18 15:28:23 [DEBUG]: 接続がプールから取得されました {
  "service": "curriculum-portal-backend",
  "threadId": 581
}
2025-08-18 15:28:23 [INFO]: Incoming Request {
  "service": "curriculum-portal-backend",
  "method": "GET",
  "url": "/api/satellites/1/instructors?_t=1755498425194",
  "ip": "172.18.0.1",
  "userAgent": "Mozilla/5.0 (Windows NT 10.0; Win64; x64) AppleWebKit/537.36 (KHTML, like Gecko) Chrome/139.0.0.0 Safari/537.36",
  "headers": {
    "host": "localhost:5000",
    "connection": "keep-alive",
    "sec-ch-ua-platform": "\"Windows\"",
    "authorization": "Bearer eyJhbGciOiJIUzI1NiIsInR5cCI6IkpXVCJ9.eyJ1c2VyX2lkIjo2LCJ1c2VybmFtZSI6Iuebm-WGheOAgOeolOWPsiIsInJvbGUiOjQsImNvbXBhbnlfaWQiOjIsImlhdCI6MTc1NTQ5NzI0NiwiZXhwIjoxNzU1NTAwODQ2fQ.5H8CaALtUdP36OqaCxxKQUuyBL2P7YmWtd7z1quUt24",
    "cache-control": "no-cache, no-store, must-revalidate",
    "pragma": "no-cache",
    "sec-ch-ua": "\"Not;A=Brand\";v=\"99\", \"Google Chrome\";v=\"139\", \"Chromium\";v=\"139\"",
    "sec-ch-ua-mobile": "?0",
    "expires": "0",
    "user-agent": "Mozilla/5.0 (Windows NT 10.0; Win64; x64) AppleWebKit/537.36 (KHTML, like Gecko) Chrome/139.0.0.0 Safari/537.36",
    "dnt": "1",
    "content-type": "application/json",
    "accept": "*/*",
    "origin": "http://localhost:3000",
    "sec-fetch-site": "same-site",
    "sec-fetch-mode": "cors",
    "sec-fetch-dest": "empty",
    "referer": "http://localhost:3000/",
    "accept-encoding": "gzip, deflate, br, zstd",
    "accept-language": "ja,en-US;q=0.9,en;q=0.8"
  },
  "query": {
    "_t": "1755498425194"
  },
  "params": {},
  "requestId": "req_1755498503395_kcrznfddx"
}
2025-08-18 15:28:23 [DEBUG]: Query Parameters {
  "service": "curriculum-portal-backend",
  "method": "GET",
  "url": "/api/satellites/1/instructors?_t=1755498425194",
  "query": {
    "_t": "1755498425194"
  }
}
2025-08-18 15:28:23 [DEBUG]: Request Headers {
  "service": "curriculum-portal-backend",
  "method": "GET",
  "url": "/api/satellites/1/instructors?_t=1755498425194",
  "headers": {
    "host": "localhost:5000",
    "connection": "keep-alive",
    "sec-ch-ua-platform": "\"Windows\"",
    "cache-control": "no-cache, no-store, must-revalidate",
    "pragma": "no-cache",
    "sec-ch-ua": "\"Not;A=Brand\";v=\"99\", \"Google Chrome\";v=\"139\", \"Chromium\";v=\"139\"",
    "sec-ch-ua-mobile": "?0",
    "expires": "0",
    "user-agent": "Mozilla/5.0 (Windows NT 10.0; Win64; x64) AppleWebKit/537.36 (KHTML, like Gecko) Chrome/139.0.0.0 Safari/537.36",
    "dnt": "1",
    "content-type": "application/json",
    "accept": "*/*",
    "origin": "http://localhost:3000",
    "sec-fetch-site": "same-site",
    "sec-fetch-mode": "cors",
    "sec-fetch-dest": "empty",
    "referer": "http://localhost:3000/",
    "accept-encoding": "gzip, deflate, br, zstd",
    "accept-language": "ja,en-US;q=0.9,en;q=0.8"
  }
}
2025-08-18 15:28:23 [DEBUG]: 接続がプールに返されました {
  "service": "curriculum-portal-backend",
  "threadId": 579
}
2025-08-18 15:28:23 [INFO]: Outgoing Response {
  "service": "curriculum-portal-backend",
  "method": "GET",
  "url": "/1?_t=1755498425190",
  "statusCode": 200,
  "responseTime": "67ms",
  "contentLength": "531",
  "requestId": "req_1755498503431_svqitlxj4"
}
2025-08-18 15:28:23 [DEBUG]: 接続がプールに返されました {
  "service": "curriculum-portal-backend",
  "threadId": 581
}
2025-08-18 15:28:23 [INFO]: Outgoing Response {
  "service": "curriculum-portal-backend",
  "method": "GET",
  "url": "/1/instructors?_t=1755498425183",
  "statusCode": 200,
  "responseTime": "143ms",
  "contentLength": "26",
  "requestId": "req_1755498503443_ohscbo0vp"
}
2025-08-18 15:28:23 [INFO]: Incoming Request {
  "service": "curriculum-portal-backend",
  "method": "GET",
  "url": "/api/satellites/1/stats?_t=1755498425331",
  "ip": "172.18.0.1",
  "userAgent": "Mozilla/5.0 (Windows NT 10.0; Win64; x64) AppleWebKit/537.36 (KHTML, like Gecko) Chrome/139.0.0.0 Safari/537.36",
  "headers": {
    "host": "localhost:5000",
    "connection": "keep-alive",
    "sec-ch-ua-platform": "\"Windows\"",
    "authorization": "Bearer eyJhbGciOiJIUzI1NiIsInR5cCI6IkpXVCJ9.eyJ1c2VyX2lkIjo2LCJ1c2VybmFtZSI6Iuebm-WGheOAgOeolOWPsiIsInJvbGUiOjQsImNvbXBhbnlfaWQiOjIsImlhdCI6MTc1NTQ5NzI0NiwiZXhwIjoxNzU1NTAwODQ2fQ.5H8CaALtUdP36OqaCxxKQUuyBL2P7YmWtd7z1quUt24",
    "cache-control": "no-cache, no-store, must-revalidate",
    "pragma": "no-cache",
    "sec-ch-ua": "\"Not;A=Brand\";v=\"99\", \"Google Chrome\";v=\"139\", \"Chromium\";v=\"139\"",
    "sec-ch-ua-mobile": "?0",
    "expires": "0",
    "user-agent": "Mozilla/5.0 (Windows NT 10.0; Win64; x64) AppleWebKit/537.36 (KHTML, like Gecko) Chrome/139.0.0.0 Safari/537.36",
    "dnt": "1",
    "content-type": "application/json",
    "accept": "*/*",
    "origin": "http://localhost:3000",
    "sec-fetch-site": "same-site",
    "sec-fetch-mode": "cors",
    "sec-fetch-dest": "empty",
    "referer": "http://localhost:3000/",
    "accept-encoding": "gzip, deflate, br, zstd",
    "accept-language": "ja,en-US;q=0.9,en;q=0.8"
  },
  "query": {
    "_t": "1755498425331"
  },
  "params": {},
  "requestId": "req_1755498503450_hyxcgati4"
}
2025-08-18 15:28:23 [DEBUG]: Query Parameters {
  "service": "curriculum-portal-backend",
  "method": "GET",
  "url": "/api/satellites/1/stats?_t=1755498425331",
  "query": {
    "_t": "1755498425331"
  }
}
2025-08-18 15:28:23 [DEBUG]: Request Headers {
  "service": "curriculum-portal-backend",
  "method": "GET",
  "url": "/api/satellites/1/stats?_t=1755498425331",
  "headers": {
    "host": "localhost:5000",
    "connection": "keep-alive",
    "sec-ch-ua-platform": "\"Windows\"",
    "cache-control": "no-cache, no-store, must-revalidate",
    "pragma": "no-cache",
    "sec-ch-ua": "\"Not;A=Brand\";v=\"99\", \"Google Chrome\";v=\"139\", \"Chromium\";v=\"139\"",
    "sec-ch-ua-mobile": "?0",
    "expires": "0",
    "user-agent": "Mozilla/5.0 (Windows NT 10.0; Win64; x64) AppleWebKit/537.36 (KHTML, like Gecko) Chrome/139.0.0.0 Safari/537.36",
    "dnt": "1",
    "content-type": "application/json",
    "accept": "*/*",
    "origin": "http://localhost:3000",
    "sec-fetch-site": "same-site",
    "sec-fetch-mode": "cors",
    "sec-fetch-dest": "empty",
    "referer": "http://localhost:3000/",
    "accept-encoding": "gzip, deflate, br, zstd",
    "accept-language": "ja,en-US;q=0.9,en;q=0.8"
  }
}
2025-08-18 15:28:23 [DEBUG]: 接続がプールから取得されました {
  "service": "curriculum-portal-backend",
  "threadId": 581
}
2025-08-18 15:28:23 [INFO]: 新しいデータベース接続が作成されました {
  "service": "curriculum-portal-backend",
  "threadId": 582
}
2025-08-18 15:28:23 [DEBUG]: 接続がプールから取得されました {
  "service": "curriculum-portal-backend",
  "threadId": 582
}
2025-08-18 15:28:23 [INFO]: Incoming Request {
  "service": "curriculum-portal-backend",
  "method": "GET",
  "url": "/api/satellites/1/stats?_t=1755498425407",
  "ip": "172.18.0.1",
  "userAgent": "Mozilla/5.0 (Windows NT 10.0; Win64; x64) AppleWebKit/537.36 (KHTML, like Gecko) Chrome/139.0.0.0 Safari/537.36",
  "headers": {
    "host": "localhost:5000",
    "connection": "keep-alive",
    "sec-ch-ua-platform": "\"Windows\"",
    "authorization": "Bearer eyJhbGciOiJIUzI1NiIsInR5cCI6IkpXVCJ9.eyJ1c2VyX2lkIjo2LCJ1c2VybmFtZSI6Iuebm-WGheOAgOeolOWPsiIsInJvbGUiOjQsImNvbXBhbnlfaWQiOjIsImlhdCI6MTc1NTQ5NzI0NiwiZXhwIjoxNzU1NTAwODQ2fQ.5H8CaALtUdP36OqaCxxKQUuyBL2P7YmWtd7z1quUt24",
    "cache-control": "no-cache, no-store, must-revalidate",
    "pragma": "no-cache",
    "sec-ch-ua": "\"Not;A=Brand\";v=\"99\", \"Google Chrome\";v=\"139\", \"Chromium\";v=\"139\"",
    "sec-ch-ua-mobile": "?0",
    "expires": "0",
    "user-agent": "Mozilla/5.0 (Windows NT 10.0; Win64; x64) AppleWebKit/537.36 (KHTML, like Gecko) Chrome/139.0.0.0 Safari/537.36",
    "dnt": "1",
    "content-type": "application/json",
    "accept": "*/*",
    "origin": "http://localhost:3000",
    "sec-fetch-site": "same-site",
    "sec-fetch-mode": "cors",
    "sec-fetch-dest": "empty",
    "referer": "http://localhost:3000/",
    "accept-encoding": "gzip, deflate, br, zstd",
    "accept-language": "ja,en-US;q=0.9,en;q=0.8"
  },
  "query": {
    "_t": "1755498425407"
  },
  "params": {},
  "requestId": "req_1755498503472_9xlh86lxb"
}
2025-08-18 15:28:23 [DEBUG]: Query Parameters {
  "service": "curriculum-portal-backend",
  "method": "GET",
  "url": "/api/satellites/1/stats?_t=1755498425407",
  "query": {
    "_t": "1755498425407"
  }
}
2025-08-18 15:28:23 [DEBUG]: Request Headers {
  "service": "curriculum-portal-backend",
  "method": "GET",
  "url": "/api/satellites/1/stats?_t=1755498425407",
  "headers": {
    "host": "localhost:5000",
    "connection": "keep-alive",
    "sec-ch-ua-platform": "\"Windows\"",
    "cache-control": "no-cache, no-store, must-revalidate",
    "pragma": "no-cache",
    "sec-ch-ua": "\"Not;A=Brand\";v=\"99\", \"Google Chrome\";v=\"139\", \"Chromium\";v=\"139\"",
    "sec-ch-ua-mobile": "?0",
    "expires": "0",
    "user-agent": "Mozilla/5.0 (Windows NT 10.0; Win64; x64) AppleWebKit/537.36 (KHTML, like Gecko) Chrome/139.0.0.0 Safari/537.36",
    "dnt": "1",
    "content-type": "application/json",
    "accept": "*/*",
    "origin": "http://localhost:3000",
    "sec-fetch-site": "same-site",
    "sec-fetch-mode": "cors",
    "sec-fetch-dest": "empty",
    "referer": "http://localhost:3000/",
    "accept-encoding": "gzip, deflate, br, zstd",
    "accept-language": "ja,en-US;q=0.9,en;q=0.8"
  }
}
2025-08-18 15:28:23 [DEBUG]: 接続がプールから取得されました {
  "service": "curriculum-portal-backend",
  "threadId": 579
}
2025-08-18 15:28:23 [DEBUG]: 接続がプールに返されました {
  "service": "curriculum-portal-backend",
  "threadId": 582
}
2025-08-18 15:28:23 [INFO]: Outgoing Response {
  "service": "curriculum-portal-backend",
  "method": "GET",
  "url": "/1/instructors?_t=1755498425194",
  "statusCode": 200,
  "responseTime": "116ms",
  "contentLength": "26",
  "requestId": "req_1755498503511_5plt5jgv3"
}
2025-08-18 15:28:23 [DEBUG]: 接続がプールに返されました {
  "service": "curriculum-portal-backend",
  "threadId": 581
}
2025-08-18 15:28:23 [INFO]: Outgoing Response {
  "service": "curriculum-portal-backend",
  "method": "GET",
  "url": "/1/stats?_t=1755498425331",
  "statusCode": 200,
  "responseTime": "97ms",
  "contentLength": "193",
  "requestId": "req_1755498503547_bqdjg3eee"
}
2025-08-18 15:28:23 [DEBUG]: 接続がプールに返されました {
  "service": "curriculum-portal-backend",
  "threadId": 579
}
2025-08-18 15:28:23 [INFO]: Outgoing Response {
  "service": "curriculum-portal-backend",
  "method": "GET",
  "url": "/1/stats?_t=1755498425407",
  "statusCode": 200,
  "responseTime": "87ms",
  "contentLength": "193",
  "requestId": "req_1755498503559_2tanr6aes"
}
2025-08-18 15:29:18 [DEBUG]: Memory Usage {
  "service": "curriculum-portal-backend",
  "rss": "78MB",
  "heapUsed": "21MB",
  "heapTotal": "23MB",
  "external": "2MB"
}
2025-08-18 15:30:20 [DEBUG]: Memory Usage {
  "service": "curriculum-portal-backend",
  "rss": "78MB",
  "heapUsed": "21MB",
  "heapTotal": "23MB",
  "external": "2MB"
}
2025-08-18 15:31:21 [DEBUG]: Memory Usage {
  "service": "curriculum-portal-backend",
  "rss": "78MB",
  "heapUsed": "21MB",
  "heapTotal": "23MB",
  "external": "2MB"
}
2025-08-18 15:32:23 [DEBUG]: Memory Usage {
  "service": "curriculum-portal-backend",
  "rss": "78MB",
  "heapUsed": "21MB",
  "heapTotal": "23MB",
  "external": "2MB"
}
2025-08-18 15:33:24 [DEBUG]: Memory Usage {
  "service": "curriculum-portal-backend",
  "rss": "78MB",
  "heapUsed": "21MB",
  "heapTotal": "23MB",
  "external": "2MB"
}
2025-08-18 15:34:26 [DEBUG]: Memory Usage {
  "service": "curriculum-portal-backend",
  "rss": "78MB",
  "heapUsed": "21MB",
  "heapTotal": "23MB",
  "external": "2MB"
}
