2025-07-31 02:26:37 [ERROR]: データベース接続テスト失敗 {
  "service": "curriculum-portal-backend",
  "error": "connect ECONNREFUSED 172.18.0.2:3306",
  "code": "ECONNREFUSED",
  "duration": "52ms"
}
2025-07-31 02:27:36 [ERROR]: データベース接続プールの終了に失敗 {
  "service": "curriculum-portal-backend",
  "error": "Can't add new command when connection is in closed state"
}
2025-07-31 02:36:44 [ERROR]: データベース接続プールの終了に失敗 {
  "service": "curriculum-portal-backend",
  "error": "Can't add new command when connection is in closed state"
}
2025-07-31 02:42:17 [ERROR]: データベース接続テスト失敗 {
  "service": "curriculum-portal-backend",
  "error": "connect ECONNREFUSED 172.18.0.2:3306",
  "code": "ECONNREFUSED",
  "duration": "63ms"
}
2025-07-31 02:56:05 [ERROR]: データベース接続プールの終了に失敗 {
  "service": "curriculum-portal-backend",
  "error": "Can't add new command when connection is in closed state"
}
2025-07-31 03:06:07 [ERROR]: データベース接続テスト失敗 {
  "service": "curriculum-portal-backend",
  "error": "connect ECONNREFUSED 172.18.0.2:3306",
  "code": "ECONNREFUSED",
  "duration": "53ms"
}
